::1 - - [07/Feb/2022:05:56:35 +0000] "POST /api/v1/categories HTTP/1.1" 200 49 "-" "PostmanRuntime/7.29.0"
::1 - - [07/Feb/2022:05:56:37 +0000] "POST /api/v1/categories HTTP/1.1" 200 49 "-" "PostmanRuntime/7.29.0"
::1 - - [07/Feb/2022:05:56:41 +0000] "GET /api/v1/categories HTTP/1.1" 200 54 "-" "PostmanRuntime/7.29.0"
::1 - - [07/Feb/2022:06:07:02 +0000] "GET /api/v1/categories HTTP/1.1" 200 54 "-" "PostmanRuntime/7.29.0"
::1 - - [07/Feb/2022:06:08:53 +0000] "GET /api/v1/categories/12 HTTP/1.1" 200 61 "-" "PostmanRuntime/7.29.0"
::1 - - [07/Feb/2022:06:10:21 +0000] "POST /api/v1/categories HTTP/1.1" 200 49 "-" "PostmanRuntime/7.29.0"
::1 - - [07/Feb/2022:06:11:28 +0000] "PUT /api/v1/categories/1 HTTP/1.1" 200 55 "-" "PostmanRuntime/7.29.0"
::1 - - [07/Feb/2022:06:22:41 +0000] "DELETE /api/v1/categories/76 HTTP/1.1" 200 54 "-" "PostmanRuntime/7.29.0"
::1 - - [08/Feb/2022:06:25:05 +0000] "POST /api/v1/categories HTTP/1.1" 200 49 "-" "PostmanRuntime/7.29.0"
::1 - - [08/Feb/2022:06:29:40 +0000] "POST /api/v1/categories HTTP/1.1" 200 49 "-" "PostmanRuntime/7.29.0"
::1 - - [08/Feb/2022:06:38:46 +0000] "POST /api/v1/categories HTTP/1.1" 400 532 "-" "PostmanRuntime/7.29.0"
::1 - - [08/Feb/2022:06:40:29 +0000] "POST /api/v1/categories HTTP/1.1" 200 258 "-" "PostmanRuntime/7.29.0"
::1 - - [08/Feb/2022:06:41:28 +0000] "POST /api/v1/categories HTTP/1.1" 400 118 "-" "PostmanRuntime/7.29.0"
::1 - - [08/Feb/2022:06:42:42 +0000] "POST /api/v1/categories HTTP/1.1" 400 661 "-" "PostmanRuntime/7.29.0"
::1 - - [08/Feb/2022:06:43:53 +0000] "POST /api/v1/categories HTTP/1.1" 200 258 "-" "PostmanRuntime/7.29.0"
::1 - - [08/Feb/2022:06:48:57 +0000] "GET /api/v1/categories HTTP/1.1" 200 495 "-" "PostmanRuntime/7.29.0"
::1 - - [08/Feb/2022:06:49:45 +0000] "GET /api/v1/categories/12 HTTP/1.1" 200 61 "-" "PostmanRuntime/7.29.0"
::1 - - [08/Feb/2022:06:54:03 +0000] "GET /api/v1/categories/12 HTTP/1.1" 400 252 "-" "PostmanRuntime/7.29.0"
::1 - - [08/Feb/2022:06:54:32 +0000] "GET /api/v1/categories/6202105d91f268ba45fd6e2d HTTP/1.1" 200 258 "-" "PostmanRuntime/7.29.0"
::1 - - [08/Feb/2022:06:54:50 +0000] "GET /api/v1/categories/6202105d91f268ba45fd6e21 HTTP/1.1" 200 28 "-" "PostmanRuntime/7.29.0"
::1 - - [08/Feb/2022:06:54:57 +0000] "GET /api/v1/categories/6202105d91f268ba45fd6e2d HTTP/1.1" 200 258 "-" "PostmanRuntime/7.29.0"
::1 - - [08/Feb/2022:06:57:28 +0000] "GET /api/v1/categories/6202105d91f268ba45fd6e2d HTTP/1.1" 200 258 "-" "PostmanRuntime/7.29.0"
::1 - - [08/Feb/2022:06:57:32 +0000] "GET /api/v1/categories/6202105d91f268ba45fd6e2 HTTP/1.1" 400 315 "-" "PostmanRuntime/7.29.0"
::1 - - [08/Feb/2022:06:57:44 +0000] "GET /api/v1/categories/6202105d91f268ba45fd6e2e HTTP/1.1" 400 85 "-" "PostmanRuntime/7.29.0"
::1 - - [08/Feb/2022:06:57:57 +0000] "GET /api/v1/categories/6202105d91f268ba45fd6e2d HTTP/1.1" 200 258 "-" "PostmanRuntime/7.29.0"
::1 - - [08/Feb/2022:07:01:52 +0000] "DELETE /api/v1/categories/76 HTTP/1.1" 200 54 "-" "PostmanRuntime/7.29.0"
::1 - - [08/Feb/2022:07:08:51 +0000] "DELETE /api/v1/categories/76 HTTP/1.1" 400 252 "-" "PostmanRuntime/7.29.0"
::1 - - [08/Feb/2022:07:09:24 +0000] "GET /api/v1/categories HTTP/1.1" 200 495 "-" "PostmanRuntime/7.29.0"
::1 - - [08/Feb/2022:07:09:35 +0000] "DELETE /api/v1/categories/6202105d91f268ba45fd6e2d HTTP/1.1" 200 258 "-" "PostmanRuntime/7.29.0"
::1 - - [08/Feb/2022:07:10:01 +0000] "GET /api/v1/categories HTTP/1.1" 200 260 "-" "PostmanRuntime/7.29.0"
::1 - - [08/Feb/2022:07:10:14 +0000] "DELETE /api/v1/categories/620210 HTTP/1.1" 400 264 "-" "PostmanRuntime/7.29.0"
::1 - - [08/Feb/2022:07:10:38 +0000] "DELETE /api/v1/categories/6202112840164ff683cb2841 HTTP/1.1" 400 86 "-" "PostmanRuntime/7.29.0"
::1 - - [08/Feb/2022:07:10:52 +0000] "PUT /api/v1/categories/1 HTTP/1.1" 200 55 "-" "PostmanRuntime/7.29.0"
::1 - - [08/Feb/2022:07:13:35 +0000] "PUT /api/v1/categories/1 HTTP/1.1" 400 249 "-" "PostmanRuntime/7.29.0"
::1 - - [08/Feb/2022:07:14:06 +0000] "PUT /api/v1/categories/6202112840164ff683cb2842 HTTP/1.1" 200 249 "-" "PostmanRuntime/7.29.0"
::1 - - [08/Feb/2022:07:14:20 +0000] "GET /api/v1/categories HTTP/1.1" 200 251 "-" "PostmanRuntime/7.29.0"
::1 - - [08/Feb/2022:07:15:02 +0000] "PUT /api/v1/categories/6202112840164ff683cb2842 HTTP/1.1" 200 252 "-" "PostmanRuntime/7.29.0"
::1 - - [08/Feb/2022:07:19:05 +0000] "POST /api/v1/categories HTTP/1.1" 200 266 "-" "PostmanRuntime/7.29.0"
::1 - - [08/Feb/2022:08:06:59 +0000] "GET /api/v1/categories HTTP/1.1" 200 497 "-" "PostmanRuntime/7.29.0"
::1 - - [08/Feb/2022:08:19:41 +0000] "POST /api/v1/categories HTTP/1.1" 200 213 "-" "PostmanRuntime/7.29.0"
::1 - - [08/Feb/2022:08:32:27 +0000] "GET /api/v1/categories/6202105d91f268ba45fd6e2d HTTP/1.1" 400 86 "-" "PostmanRuntime/7.29.0"
::1 - - [08/Feb/2022:08:32:55 +0000] "GET /api/v1/categories/6202105d91f268ba45fd6e23 HTTP/1.1" 400 86 "-" "PostmanRuntime/7.29.0"
::1 - - [08/Feb/2022:08:37:53 +0000] "GET /api/v1/categories/6202105d91f268ba45fd6e23 HTTP/1.1" 400 86 "-" "PostmanRuntime/7.29.0"
::1 - - [08/Feb/2022:08:37:59 +0000] "GET /api/v1/categories/6202105d91f268ba45fd6sss HTTP/1.1" 500 143 "-" "PostmanRuntime/7.29.0"
::1 - - [08/Feb/2022:08:38:50 +0000] "GET /api/v1/categories/6202105d91f268bs HTTP/1.1" 500 135 "-" "PostmanRuntime/7.29.0"
