::1 - - [14/Feb/2022:04:54:58 +0000] "GET /api/v1/books HTTP/1.1" 200 9802 "-" "PostmanRuntime/7.29.0"
::1 - - [14/Feb/2022:04:56:18 +0000] "GET /api/v1/books HTTP/1.1" 200 9802 "-" "PostmanRuntime/7.29.0"
::1 - - [14/Feb/2022:04:59:26 +0000] "GET /api/v1/categories/6202112840164ff683cb2842/books HTTP/1.1" 200 3719 "-" "PostmanRuntime/7.29.0"
::1 - - [14/Feb/2022:05:03:57 +0000] "GET /api/v1/categories/6202112840164ff683cb2842/books HTTP/1.1" 200 3719 "-" "PostmanRuntime/7.29.0"
::1 - - [14/Feb/2022:05:12:22 +0000] "GET /api/v1/categories/6202112840164ff683cb2842/books HTTP/1.1" 200 3719 "-" "PostmanRuntime/7.29.0"
::1 - - [14/Feb/2022:05:12:30 +0000] "GET /api/v1/categories/6202112840164ff683cb2842/books HTTP/1.1" 200 3719 "-" "PostmanRuntime/7.29.0"
::1 - - [14/Feb/2022:05:12:42 +0000] "GET /api/v1/categories/6202112840164ff683cb2842/books HTTP/1.1" 200 3719 "-" "PostmanRuntime/7.29.0"
::1 - - [14/Feb/2022:05:12:50 +0000] "GET /api/v1/books HTTP/1.1" 200 11691 "-" "PostmanRuntime/7.29.0"
::1 - - [14/Feb/2022:05:14:23 +0000] "GET /api/v1/books HTTP/1.1" 200 10178 "-" "PostmanRuntime/7.29.0"
::1 - - [14/Feb/2022:05:17:35 +0000] "GET /api/v1/books HTTP/1.1" 200 10802 "-" "PostmanRuntime/7.29.0"
::1 - - [14/Feb/2022:05:21:48 +0000] "GET /api/v1/books HTTP/1.1" 200 10864 "-" "PostmanRuntime/7.29.0"
::1 - - [14/Feb/2022:05:32:33 +0000] "GET /api/v1/categories/6202105d91f268ba45fd6e2d HTTP/1.1" 400 44 "-" "PostmanRuntime/7.29.0"
::1 - - [14/Feb/2022:05:32:34 +0000] "GET /api/v1/categories/6202105d91f268ba45fd6e2d HTTP/1.1" 400 44 "-" "PostmanRuntime/7.29.0"
::1 - - [14/Feb/2022:05:32:36 +0000] "GET /api/v1/categories/6202105d91f268ba45fd6e2d HTTP/1.1" 400 44 "-" "PostmanRuntime/7.29.0"
::1 - - [14/Feb/2022:05:32:55 +0000] "GET /api/v1/categories/6202105d91f268ba45fd6e2d HTTP/1.1" 400 44 "-" "PostmanRuntime/7.29.0"
::1 - - [14/Feb/2022:05:32:58 +0000] "GET /api/v1/categories HTTP/1.1" 200 1337 "-" "PostmanRuntime/7.29.0"
::1 - - [14/Feb/2022:05:33:14 +0000] "GET /api/v1/categories/62076b9c55fb1175fe77fe34 HTTP/1.1" 200 359 "-" "PostmanRuntime/7.29.0"
::1 - - [14/Feb/2022:05:35:28 +0000] "GET /api/v1/categories/62076b9c55fb1175fe77fe34 HTTP/1.1" 200 359 "-" "PostmanRuntime/7.29.0"
::1 - - [14/Feb/2022:05:38:08 +0000] "GET /api/v1/categories/62076b9c55fb1175fe77fe34 HTTP/1.1" 200 359 "-" "PostmanRuntime/7.29.0"
::1 - - [14/Feb/2022:05:38:10 +0000] "GET /api/v1/categories/62076b9c55fb1175fe77fe34 HTTP/1.1" 200 359 "-" "PostmanRuntime/7.29.0"
::1 - - [14/Feb/2022:05:38:11 +0000] "GET /api/v1/categories/62076b9c55fb1175fe77fe34 HTTP/1.1" 200 359 "-" "PostmanRuntime/7.29.0"
::1 - - [14/Feb/2022:05:38:12 +0000] "GET /api/v1/categories/62076b9c55fb1175fe77fe34 HTTP/1.1" 200 359 "-" "PostmanRuntime/7.29.0"
::1 - - [14/Feb/2022:05:38:12 +0000] "GET /api/v1/categories/62076b9c55fb1175fe77fe34 HTTP/1.1" 200 359 "-" "PostmanRuntime/7.29.0"
::1 - - [14/Feb/2022:05:38:13 +0000] "GET /api/v1/categories/62076b9c55fb1175fe77fe34 HTTP/1.1" 200 359 "-" "PostmanRuntime/7.29.0"
::1 - - [14/Feb/2022:05:38:14 +0000] "GET /api/v1/categories/62076b9c55fb1175fe77fe34 HTTP/1.1" 200 359 "-" "PostmanRuntime/7.29.0"
::1 - - [14/Feb/2022:05:38:14 +0000] "GET /api/v1/categories/62076b9c55fb1175fe77fe34 HTTP/1.1" 200 359 "-" "PostmanRuntime/7.29.0"
::1 - - [14/Feb/2022:05:38:15 +0000] "GET /api/v1/categories/62076b9c55fb1175fe77fe34 HTTP/1.1" 200 359 "-" "PostmanRuntime/7.29.0"
::1 - - [14/Feb/2022:05:38:23 +0000] "GET /api/v1/categories HTTP/1.1" 200 1337 "-" "PostmanRuntime/7.29.0"
::1 - - [14/Feb/2022:05:39:11 +0000] "GET /api/v1/categories HTTP/1.1" 200 1337 "-" "PostmanRuntime/7.29.0"
::1 - - [14/Feb/2022:05:41:05 +0000] "GET /api/v1/categories/62076b9c55fb1175fe77fe34 HTTP/1.1" 200 359 "-" "PostmanRuntime/7.29.0"
::1 - - [14/Feb/2022:05:42:46 +0000] "GET /api/v1/categories/62076b9c55fb1175fe77fe34 HTTP/1.1" 200 359 "-" "PostmanRuntime/7.29.0"
::1 - - [14/Feb/2022:05:42:54 +0000] "GET /api/v1/books HTTP/1.1" 200 11120 "-" "PostmanRuntime/7.29.0"
::1 - - [14/Feb/2022:05:43:39 +0000] "GET /api/v1/categories/62076b9c55fb1175fe77fe34 HTTP/1.1" 200 359 "-" "PostmanRuntime/7.29.0"
::1 - - [14/Feb/2022:05:43:40 +0000] "GET /api/v1/categories/62076b9c55fb1175fe77fe34 HTTP/1.1" 200 359 "-" "PostmanRuntime/7.29.0"
::1 - - [14/Feb/2022:05:49:18 +0000] "GET /api/v1/categories/62076b9c55fb1175fe77fe34 HTTP/1.1" 200 359 "-" "PostmanRuntime/7.29.0"
::1 - - [14/Feb/2022:05:49:20 +0000] "GET /api/v1/categories/62076b9c55fb1175fe77fe34 HTTP/1.1" 200 359 "-" "PostmanRuntime/7.29.0"
::1 - - [14/Feb/2022:05:49:20 +0000] "GET /api/v1/categories/62076b9c55fb1175fe77fe34 HTTP/1.1" 200 359 "-" "PostmanRuntime/7.29.0"
::1 - - [14/Feb/2022:05:49:21 +0000] "GET /api/v1/categories/62076b9c55fb1175fe77fe34 HTTP/1.1" 200 359 "-" "PostmanRuntime/7.29.0"
::1 - - [14/Feb/2022:05:49:22 +0000] "GET /api/v1/categories/62076b9c55fb1175fe77fe34 HTTP/1.1" 200 359 "-" "PostmanRuntime/7.29.0"
::1 - - [14/Feb/2022:05:49:22 +0000] "GET /api/v1/categories/62076b9c55fb1175fe77fe34 HTTP/1.1" 200 359 "-" "PostmanRuntime/7.29.0"
::1 - - [14/Feb/2022:05:49:23 +0000] "GET /api/v1/categories/62076b9c55fb1175fe77fe34 HTTP/1.1" 200 359 "-" "PostmanRuntime/7.29.0"
::1 - - [14/Feb/2022:05:49:23 +0000] "GET /api/v1/categories/62076b9c55fb1175fe77fe34 HTTP/1.1" 200 359 "-" "PostmanRuntime/7.29.0"
::1 - - [14/Feb/2022:05:49:24 +0000] "GET /api/v1/categories/62076b9c55fb1175fe77fe34 HTTP/1.1" 200 359 "-" "PostmanRuntime/7.29.0"
::1 - - [14/Feb/2022:05:49:28 +0000] "GET /api/v1/categories/62076b9c55fb1175fe77fe34 HTTP/1.1" 200 359 "-" "PostmanRuntime/7.29.0"
::1 - - [14/Feb/2022:05:49:29 +0000] "GET /api/v1/categories/62076b9c55fb1175fe77fe34 HTTP/1.1" 200 359 "-" "PostmanRuntime/7.29.0"
::1 - - [14/Feb/2022:05:49:30 +0000] "GET /api/v1/categories/62076b9c55fb1175fe77fe34 HTTP/1.1" 200 359 "-" "PostmanRuntime/7.29.0"
::1 - - [14/Feb/2022:05:49:31 +0000] "GET /api/v1/categories/62076b9c55fb1175fe77fe34 HTTP/1.1" 200 359 "-" "PostmanRuntime/7.29.0"
::1 - - [14/Feb/2022:05:50:44 +0000] "GET /api/v1/categories/62076b9c55fb1175fe77fe34 HTTP/1.1" 200 348 "-" "PostmanRuntime/7.29.0"
::1 - - [14/Feb/2022:05:50:53 +0000] "GET /api/v1/categories/62076b9c55fb1175fe77fe34 HTTP/1.1" 200 348 "-" "PostmanRuntime/7.29.0"
::1 - - [14/Feb/2022:05:51:22 +0000] "GET /api/v1/categories/62076b9c55fb1175fe77fe34 HTTP/1.1" 200 359 "-" "PostmanRuntime/7.29.0"
::1 - - [14/Feb/2022:05:52:32 +0000] "GET /api/v1/categories/62076b9c55fb1175fe77fe34 HTTP/1.1" 200 359 "-" "PostmanRuntime/7.29.0"
::1 - - [14/Feb/2022:05:52:34 +0000] "GET /api/v1/categories/62076b9c55fb1175fe77fe34 HTTP/1.1" 200 359 "-" "PostmanRuntime/7.29.0"
::1 - - [14/Feb/2022:05:52:35 +0000] "GET /api/v1/categories/62076b9c55fb1175fe77fe34 HTTP/1.1" 200 359 "-" "PostmanRuntime/7.29.0"
::1 - - [14/Feb/2022:06:00:08 +0000] "GET /api/v1/categories/6202105d91f268ba45fd6e2d HTTP/1.1" 400 44 "-" "PostmanRuntime/7.29.0"
::1 - - [14/Feb/2022:06:00:16 +0000] "GET /api/v1/categories HTTP/1.1" 200 1337 "-" "PostmanRuntime/7.29.0"
::1 - - [14/Feb/2022:06:00:35 +0000] "GET /api/v1/categories/6204ac201b839168eb40bea5 HTTP/1.1" 200 2307 "-" "PostmanRuntime/7.29.0"
::1 - - [14/Feb/2022:06:01:42 +0000] "GET /api/v1/books HTTP/1.1" 200 11120 "-" "PostmanRuntime/7.29.0"
::1 - - [14/Feb/2022:06:02:24 +0000] "GET /api/v1/categories/6204ac201b839168eb40bea5/books HTTP/1.1" 200 2004 "-" "PostmanRuntime/7.29.0"
::1 - - [14/Feb/2022:06:03:05 +0000] "GET /api/v1/categories/6204ac201b839168eb40bea5/books HTTP/1.1" 200 2004 "-" "PostmanRuntime/7.29.0"
::1 - - [14/Feb/2022:06:03:06 +0000] "GET /api/v1/categories/6204ac201b839168eb40bea5/books HTTP/1.1" 200 2004 "-" "PostmanRuntime/7.29.0"
::1 - - [14/Feb/2022:06:03:06 +0000] "GET /api/v1/categories/6204ac201b839168eb40bea5/books HTTP/1.1" 200 2004 "-" "PostmanRuntime/7.29.0"
::1 - - [14/Feb/2022:06:03:47 +0000] "GET /api/v1/books HTTP/1.1" 200 11120 "-" "PostmanRuntime/7.29.0"
::1 - - [14/Feb/2022:06:03:53 +0000] "GET /api/v1/categories/6204ac201b839168eb40bea5 HTTP/1.1" 200 2307 "-" "PostmanRuntime/7.29.0"
::1 - - [14/Feb/2022:06:20:45 +0000] "GET /api/v1/categories/6204ac201b839168eb40bea5 HTTP/1.1" 200 2308 "-" "PostmanRuntime/7.29.0"
::1 - - [14/Feb/2022:06:20:53 +0000] "GET /api/v1/categories HTTP/1.1" 200 1338 "-" "PostmanRuntime/7.29.0"
::1 - - [14/Feb/2022:06:30:15 +0000] "DELETE /api/v1/categories/6204ac201b839168eb40bea5 HTTP/1.1" 200 329 "-" "PostmanRuntime/7.29.0"
::1 - - [14/Feb/2022:06:30:24 +0000] "GET /api/v1/books HTTP/1.1" 200 8959 "-" "PostmanRuntime/7.29.0"
::1 - - [14/Feb/2022:06:33:43 +0000] "GET /api/v1/books HTTP/1.1" 200 11576 "-" "PostmanRuntime/7.29.0"
::1 - - [14/Feb/2022:06:54:53 +0000] "GET /api/v1/books HTTP/1.1" 200 11576 "-" "PostmanRuntime/7.29.0"
::1 - - [14/Feb/2022:06:55:15 +0000] "GET /api/v1/books/6204ac201b839168eb40bea5 HTTP/1.1" 404 44 "-" "PostmanRuntime/7.29.0"
::1 - - [14/Feb/2022:06:55:25 +0000] "GET /api/v1/books/6204ac201b839168eb40bea5 HTTP/1.1" 404 44 "-" "PostmanRuntime/7.29.0"
::1 - - [14/Feb/2022:06:55:26 +0000] "GET /api/v1/books/6204ac201b839168eb40bea5 HTTP/1.1" 404 44 "-" "PostmanRuntime/7.29.0"
::1 - - [14/Feb/2022:06:55:27 +0000] "GET /api/v1/books/6204ac201b839168eb40bea5 HTTP/1.1" 404 44 "-" "PostmanRuntime/7.29.0"
::1 - - [14/Feb/2022:06:55:48 +0000] "GET /api/v1/books/ HTTP/1.1" 200 11576 "-" "PostmanRuntime/7.29.0"
::1 - - [14/Feb/2022:06:56:14 +0000] "GET /api/v1/books/6209f7a3c6003dd4e2c46d33 HTTP/1.1" 200 1020 "-" "PostmanRuntime/7.29.0"
::1 - - [14/Feb/2022:07:04:19 +0000] "POST /api/v1/books/ HTTP/1.1" 200 998 "-" "PostmanRuntime/7.29.0"
::1 - - [14/Feb/2022:07:05:10 +0000] "POST /api/v1/books/ HTTP/1.1" 400 266 "-" "PostmanRuntime/7.29.0"
::1 - - [14/Feb/2022:07:05:16 +0000] "GET /api/v1/books/ HTTP/1.1" 200 12643 "-" "PostmanRuntime/7.29.0"
::1 - - [14/Feb/2022:07:16:56 +0000] "GET /api/v1/books/ HTTP/1.1" 200 11576 "-" "PostmanRuntime/7.29.0"
::1 - - [14/Feb/2022:07:17:11 +0000] "GET /api/v1/books/6209fffd3d7c8a43d9b68c2b HTTP/1.1" 200 995 "-" "PostmanRuntime/7.29.0"
::1 - - [14/Feb/2022:08:06:49 +0000] "GET /api/v1/books/6209fffd3d7c8a43d9b68c2b HTTP/1.1" 200 995 "-" "PostmanRuntime/7.29.0"
::1 - - [14/Feb/2022:08:06:51 +0000] "DELETE /api/v1/books/6209fffd3d7c8a43d9b68c2b HTTP/1.1" 200 995 "-" "PostmanRuntime/7.29.0"
::1 - - [14/Feb/2022:08:07:39 +0000] "GET /api/v1/books/6209fffd3d7c8a43d9b68c2b HTTP/1.1" 404 44 "-" "PostmanRuntime/7.29.0"
::1 - - [14/Feb/2022:08:07:50 +0000] "DELETE /api/v1/books/6209fffd3d7c8a43d9b68c2b HTTP/1.1" 404 44 "-" "PostmanRuntime/7.29.0"
::1 - - [14/Feb/2022:08:13:24 +0000] "PUT /api/v1/books/6209fffd3d7c8a43d9b68c2b HTTP/1.1" 500 28 "-" "PostmanRuntime/7.29.0"
::1 - - [14/Feb/2022:08:13:28 +0000] "GET /api/v1/books/ HTTP/1.1" 200 10508 "-" "PostmanRuntime/7.29.0"
::1 - - [14/Feb/2022:08:13:52 +0000] "PUT /api/v1/books/6209fffd3d7c8a43d9b68c2d HTTP/1.1" 500 28 "-" "PostmanRuntime/7.29.0"
::1 - - [14/Feb/2022:08:14:07 +0000] "PUT /api/v1/books/6202279d264a61cb2f1cacaf HTTP/1.1" 500 28 "-" "PostmanRuntime/7.29.0"
::1 - - [14/Feb/2022:08:14:09 +0000] "PUT /api/v1/books/6202279d264a61cb2f1cacaf HTTP/1.1" 500 28 "-" "PostmanRuntime/7.29.0"
::1 - - [14/Feb/2022:08:15:01 +0000] "PUT /api/v1/books/6202279d264a61cb2f1cacaf HTTP/1.1" 400 44 "-" "PostmanRuntime/7.29.0"
::1 - - [14/Feb/2022:08:15:29 +0000] "GET /api/v1/books/ HTTP/1.1" 200 10442 "-" "PostmanRuntime/7.29.0"
::1 - - [14/Feb/2022:08:15:43 +0000] "PUT /api/v1/books/6209fffd3d7c8a43d9b68c30 HTTP/1.1" 400 469 "-" "PostmanRuntime/7.29.0"
::1 - - [14/Feb/2022:08:16:05 +0000] "PUT /api/v1/books/6209fffd3d7c8a43d9b68c30 HTTP/1.1" 200 952 "-" "PostmanRuntime/7.29.0"
::1 - - [14/Feb/2022:15:02:27 +0000] "PUT /api/v1/books/6209fffd3d7c8a43d9b68c30 HTTP/1.1" 400 111 "-" "PostmanRuntime/7.29.0"
