::1 - - [10/Feb/2022:04:51:02 +0000] "POST /api/v1/categories HTTP/1.1" 200 229 "-" "PostmanRuntime/7.29.0"
::1 - - [10/Feb/2022:04:51:07 +0000] "POST /api/v1/categories HTTP/1.1" 200 231 "-" "PostmanRuntime/7.29.0"
::1 - - [10/Feb/2022:04:51:12 +0000] "GET /api/v1/categories HTTP/1.1" 200 439 "-" "PostmanRuntime/7.29.0"
::1 - - [10/Feb/2022:06:08:14 +0000] "GET /api/v1/categories HTTP/1.1" 200 864 "-" "PostmanRuntime/7.29.0"
::1 - - [10/Feb/2022:06:09:36 +0000] "POST /api/v1/categories HTTP/1.1" 200 295 "-" "PostmanRuntime/7.29.0"
::1 - - [11/Feb/2022:09:10:38 +0000] "POST /api/v1/categories?name=%D0%91%D0%B8%D0%B7%D0%BD%D0%B5%D1%81&averagePrice=10000 HTTP/1.1" 400 233 "-" "PostmanRuntime/7.29.0"
::1 - - [11/Feb/2022:09:11:13 +0000] "GET /api/v1/categories?name=%D0%91%D0%B8%D0%B7%D0%BD%D0%B5%D1%81&averagePrice=10000 HTTP/1.1" 200 1136 "-" "PostmanRuntime/7.29.0"
::1 - - [11/Feb/2022:09:11:48 +0000] "GET /api/v1/categories?name=%D0%91%D0%B8%D0%B7%D0%BD%D0%B5%D1%81&averagePrice=10000 HTTP/1.1" 200 1136 "-" "PostmanRuntime/7.29.0"
::1 - - [11/Feb/2022:09:12:25 +0000] "GET /api/v1/categories?name=%D0%91%D0%B8%D0%B7%D0%BD%D0%B5%D1%81 HTTP/1.1" 200 271 "-" "PostmanRuntime/7.29.0"
::1 - - [11/Feb/2022:09:13:17 +0000] "GET /api/v1/categories?averagePrice[$gte]=40000 HTTP/1.1" 200 864 "-" "PostmanRuntime/7.29.0"
::1 - - [11/Feb/2022:09:14:18 +0000] "GET /api/v1/categories?averagePrice[$lt]=40000 HTTP/1.1" 200 297 "-" "PostmanRuntime/7.29.0"
::1 - - [11/Feb/2022:09:14:53 +0000] "GET /api/v1/categories?averagePrice[$lt]=40000&averageRating[$gte]=7 HTTP/1.1" 200 26 "-" "PostmanRuntime/7.29.0"
::1 - - [11/Feb/2022:09:15:14 +0000] "GET /api/v1/categories?averageRating[$gte]=7 HTTP/1.1" 200 575 "-" "PostmanRuntime/7.29.0"
::1 - - [11/Feb/2022:09:19:18 +0000] "GET /api/v1/categories HTTP/1.1" 200 1136 "-" "PostmanRuntime/7.29.0"
::1 - - [11/Feb/2022:09:20:13 +0000] "GET /api/v1/categories?select=name%20slug HTTP/1.1" 200 1136 "-" "PostmanRuntime/7.29.0"
::1 - - [11/Feb/2022:09:22:05 +0000] "GET /api/v1/categories?select=name%20slug HTTP/1.1" 200 369 "-" "PostmanRuntime/7.29.0"
::1 - - [11/Feb/2022:09:22:48 +0000] "GET /api/v1/categories?select=name%20slug%20averageRating HTTP/1.1" 200 441 "-" "PostmanRuntime/7.29.0"
::1 - - [11/Feb/2022:09:23:15 +0000] "GET /api/v1/categories?select=name%20slug%20averageRating&averageRating[$gt]=5 HTTP/1.1" 200 223 "-" "PostmanRuntime/7.29.0"
::1 - - [11/Feb/2022:09:24:38 +0000] "GET /api/v1/categories?select=name%20slug%20averageRating&averageRating[$gt]=5&sort=name HTTP/1.1" 200 223 "-" "PostmanRuntime/7.29.0"
::1 - - [11/Feb/2022:09:24:50 +0000] "GET /api/v1/categories?select=name%20slug%20averageRating&averageRating[$gt]=5&sort=name HTTP/1.1" 200 223 "-" "PostmanRuntime/7.29.0"
::1 - - [11/Feb/2022:09:24:51 +0000] "GET /api/v1/categories?select=name%20slug%20averageRating&averageRating[$gt]=5&sort=name HTTP/1.1" 200 223 "-" "PostmanRuntime/7.29.0"
::1 - - [11/Feb/2022:09:25:09 +0000] "GET /api/v1/categories?select=name%20slug%20averageRating&averageRating[$gt]=5&sort=name HTTP/1.1" 200 223 "-" "PostmanRuntime/7.29.0"
::1 - - [11/Feb/2022:09:25:11 +0000] "GET /api/v1/categories?select=name%20slug%20averageRating&averageRating[$gt]=5&sort=name HTTP/1.1" 200 223 "-" "PostmanRuntime/7.29.0"
::1 - - [11/Feb/2022:09:25:12 +0000] "GET /api/v1/categories?select=name%20slug%20averageRating&averageRating[$gt]=5&sort=name HTTP/1.1" 200 223 "-" "PostmanRuntime/7.29.0"
::1 - - [11/Feb/2022:09:25:13 +0000] "GET /api/v1/categories?select=name%20slug%20averageRating&averageRating[$gt]=5&sort=name HTTP/1.1" 200 223 "-" "PostmanRuntime/7.29.0"
::1 - - [11/Feb/2022:09:25:15 +0000] "GET /api/v1/categories?select=name%20slug%20averageRating&averageRating[$gt]=5&sort=name HTTP/1.1" 200 223 "-" "PostmanRuntime/7.29.0"
::1 - - [11/Feb/2022:09:25:16 +0000] "GET /api/v1/categories?select=name%20slug%20averageRating&averageRating[$gt]=5&sort=name HTTP/1.1" 200 223 "-" "PostmanRuntime/7.29.0"
::1 - - [11/Feb/2022:09:47:44 +0000] "GET /api/v1/categories?select=name%20slug%20averageRating&averageRating[$gt]=5&sort=-name HTTP/1.1" 200 223 "-" "PostmanRuntime/7.29.0"
::1 - - [11/Feb/2022:09:47:48 +0000] "GET /api/v1/categories?select=name%20slug%20averageRating&averageRating[$gt]=5&sort=name HTTP/1.1" 200 223 "-" "PostmanRuntime/7.29.0"
::1 - - [11/Feb/2022:09:47:55 +0000] "GET /api/v1/categories?select=name%20slug%20averageRating&averageRating[$gt]=5&sort=-name HTTP/1.1" 200 223 "-" "PostmanRuntime/7.29.0"
::1 - - [11/Feb/2022:11:01:31 +0000] "GET /api/v1/categories?select=name&page=2&limit=1 HTTP/1.1" 200 174 "-" "PostmanRuntime/7.29.0"
::1 - - [11/Feb/2022:11:08:33 +0000] "GET /api/v1/categories?select=name HTTP/1.1" 200 354 "-" "PostmanRuntime/7.29.0"
